<?xml version="1.0" encoding="UTF-8"?>
<!-- Generated by org.testng.reporters.JUnitReportReporter -->
<testsuite hostname="SLUPSKA-PC" failures="0" tests="3" name="RestAssuredAPITest1" time="4.935" errors="0" timestamp="2021-11-09T22:19:55 CET" skipped="0">
  <testcase classname="RestAssuredAPITest1" name="test3" time="1.272"/>
  <system-out/>
  <testcase classname="RestAssuredAPITest1" name="test2" time="0.201"/>
  <system-out/>
  <testcase classname="RestAssuredAPITest1" name="test1" time="3.462"/>
  <system-out/>
</testsuite> <!-- RestAssuredAPITest1 -->
